{
  "RSpec": {
    "coverage": {
      "/Users/pattaradanaisrichon/Desktop/Project/ttd-refactor-kata/ruby/gilded_rose.rb": {
        "lines": [
          1,
          null,
          1,
          9,
          null,
          null,
          1,
          9,
          48,
          29,
          29,
          21,
          null,
          null,
          null,
          19,
          19,
          19,
          5,
          4,
          3,
          null,
          null,
          5,
          3,
          2,
          null,
          null,
          null,
          null,
          null,
          48,
          40,
          null,
          48,
          15,
          8,
          7,
          7,
          7,
          null,
          null,
          null,
          1,
          null,
          null,
          7,
          7,
          null,
          null,
          null,
          null,
          null,
          null,
          null,
          1,
          1,
          null,
          1,
          49,
          49,
          49,
          null,
          null,
          1,
          0,
          null,
          null
        ]
      }
    },
    "timestamp": 1744706709
  }
}
